EDA Netlist Writer report for relogio_digital
Mon Jul 09 12:58:02 2018
Quartus II Version 9.1 Build 350 03/24/2010 Service Pack 2 SJ Web Edition


---------------------
; Table of Contents ;
---------------------
  1. Legal Notice
  2. EDA Netlist Writer Summary
  3. Simulation Settings
  4. Simulation Generated Files
  5. Timing Analysis Settings
  6. Timing Analysis Generated Files
  7. EDA Netlist Writer Messages



----------------
; Legal Notice ;
----------------
Copyright (C) 1991-2010 Altera Corporation
Your use of Altera Corporation's design tools, logic functions 
and other software and tools, and its AMPP partner logic 
functions, and any output files from any of the foregoing 
(including device programming or simulation files), and any 
associated documentation or information are expressly subject 
to the terms and conditions of the Altera Program License 
Subscription Agreement, Altera MegaCore Function License 
Agreement, or other applicable license agreement, including, 
without limitation, that your use is for the sole purpose of 
programming logic devices manufactured by Altera and sold by 
Altera or its authorized distributors.  Please refer to the 
applicable agreement for further details.



+------------------------------------------------------------------------+
; EDA Netlist Writer Summary                                             ;
+--------------------------------+---------------------------------------+
; EDA Netlist Writer Status      ; Successful - Mon Jul 09 12:58:02 2018 ;
; Revision Name                  ; relogio_digital                       ;
; Top-level Entity Name          ; relogio_digital                       ;
; Family                         ; MAX7000S                              ;
; Simulation Files Creation      ; Successful                            ;
; Timing Analysis Files Creation ; Successful                            ;
+--------------------------------+---------------------------------------+


+---------------------------------------------------------------------------------------------------------------------+
; Simulation Settings                                                                                                 ;
+---------------------------------------------------------------------------------------------------+-----------------+
; Option                                                                                            ; Setting         ;
+---------------------------------------------------------------------------------------------------+-----------------+
; Tool Name                                                                                         ; ModelSim (VHDL) ;
; Generate netlist for functional simulation only                                                   ; Off             ;
; Time scale                                                                                        ; 1 ps            ;
; Truncate long hierarchy paths                                                                     ; Off             ;
; Map illegal HDL characters                                                                        ; Off             ;
; Flatten buses into individual nodes                                                               ; Off             ;
; Maintain hierarchy                                                                                ; Off             ;
; Bring out device-wide set/reset signals as ports                                                  ; Off             ;
; Enable glitch filtering                                                                           ; Off             ;
; Do not write top level VHDL entity                                                                ; Off             ;
; Disable detection of setup and hold time violations in the input registers of bi-directional pins ; Off             ;
; Architecture name in VHDL output netlist                                                          ; structure       ;
; Generate third-party EDA tool command script for RTL functional simulation                        ; Off             ;
; Generate third-party EDA tool command script for gate-level simulation                            ; Off             ;
+---------------------------------------------------------------------------------------------------+-----------------+


+------------------------------------------------------------------------------+
; Simulation Generated Files                                                   ;
+------------------------------------------------------------------------------+
; Generated Files                                                              ;
+------------------------------------------------------------------------------+
; C:/Users/luizf/Downloads/relógio/simulation/modelsim/relogio_digital.vho     ;
; C:/Users/luizf/Downloads/relógio/simulation/modelsim/relogio_digital_vhd.sdo ;
+------------------------------------------------------------------------------+


+----------------------------------------------------------+
; Timing Analysis Settings                                 ;
+-------------------------------------+--------------------+
; Option                              ; Setting            ;
+-------------------------------------+--------------------+
; Tool Name                           ; Custom Verilog HDL ;
; Time scale                          ; 1 ps               ;
; Truncate long hierarchy paths       ; Off                ;
; Map illegal HDL characters          ; Off                ;
; Flatten buses into individual nodes ; Off                ;
+-------------------------------------+--------------------+


+----------------------------------------------------------------------+
; Timing Analysis Generated Files                                      ;
+----------------------------------------------------------------------+
; Generated Files                                                      ;
+----------------------------------------------------------------------+
; C:/Users/luizf/Downloads/relógio/timing/custom/relogio_digital.vo    ;
; C:/Users/luizf/Downloads/relógio/timing/custom/relogio_digital_v.sdo ;
+----------------------------------------------------------------------+


+-----------------------------+
; EDA Netlist Writer Messages ;
+-----------------------------+
Info: *******************************************************************
Info: Running Quartus II EDA Netlist Writer
    Info: Version 9.1 Build 350 03/24/2010 Service Pack 2 SJ Web Edition
    Info: Processing started: Mon Jul 09 12:58:00 2018
Info: Command: quartus_eda --read_settings_files=off --write_settings_files=off relogio_digital -c relogio_digital
Info: Generated files "relogio_digital.vho" and "relogio_digital_vhd.sdo" in directory "C:/Users/luizf/Downloads/relógio/simulation/modelsim/" for EDA simulation tool
Info: Generated files "relogio_digital.vo" and "relogio_digital_v.sdo" in directory "C:/Users/luizf/Downloads/relógio/timing/custom/" for EDA timing analysis tool
Info: Quartus II EDA Netlist Writer was successful. 0 errors, 0 warnings
    Info: Peak virtual memory: 180 megabytes
    Info: Processing ended: Mon Jul 09 12:58:02 2018
    Info: Elapsed time: 00:00:02
    Info: Total CPU time (on all processors): 00:00:01


