Flow report for relogio_digital
Mon Jul 09 12:58:02 2018
Quartus II Version 9.1 Build 350 03/24/2010 Service Pack 2 SJ Web Edition


---------------------
; Table of Contents ;
---------------------
  1. Legal Notice
  2. Flow Summary
  3. Flow Settings
  4. Flow Non-Default Global Settings
  5. Flow Elapsed Time
  6. Flow OS Summary
  7. Flow Log



----------------
; Legal Notice ;
----------------
Copyright (C) 1991-2010 Altera Corporation
Your use of Altera Corporation's design tools, logic functions 
and other software and tools, and its AMPP partner logic 
functions, and any output files from any of the foregoing 
(including device programming or simulation files), and any 
associated documentation or information are expressly subject 
to the terms and conditions of the Altera Program License 
Subscription Agreement, Altera MegaCore Function License 
Agreement, or other applicable license agreement, including, 
without limitation, that your use is for the sole purpose of 
programming logic devices manufactured by Altera and sold by 
Altera or its authorized distributors.  Please refer to the 
applicable agreement for further details.



+------------------------------------------------------------------------+
; Flow Summary                                                           ;
+-------------------------+----------------------------------------------+
; Flow Status             ; Successful - Mon Jul 09 12:58:02 2018        ;
; Quartus II Version      ; 9.1 Build 350 03/24/2010 SP 2 SJ Web Edition ;
; Revision Name           ; relogio_digital                              ;
; Top-level Entity Name   ; relogio_digital                              ;
; Family                  ; MAX7000S                                     ;
; Device                  ; EPM7064SLC44-7                               ;
; Timing Models           ; Final                                        ;
; Met timing requirements ; Yes                                          ;
; Total macrocells        ; 42 / 64 ( 66 % )                             ;
; Total pins              ; 35 / 36 ( 97 % )                             ;
+-------------------------+----------------------------------------------+


+-----------------------------------------+
; Flow Settings                           ;
+-------------------+---------------------+
; Option            ; Setting             ;
+-------------------+---------------------+
; Start date & time ; 07/09/2018 12:56:46 ;
; Main task         ; Compilation         ;
; Revision Name     ; relogio_digital     ;
+-------------------+---------------------+


+---------------------------------------------------------------------------------------------------------------------------------------------------------------+
; Flow Non-Default Global Settings                                                                                                                              ;
+------------------------------------+------------------------------------------------------+------------------------------+-------------+----------------------+
; Assignment Name                    ; Value                                                ; Default Value                ; Entity Name ; Section Id           ;
+------------------------------------+------------------------------------------------------+------------------------------+-------------+----------------------+
; COMPILER_SIGNATURE_ID              ; 8796759699586.153115180604120                        ; --                           ; --          ; --                   ;
; EDA_DESIGN_ENTRY_SYNTHESIS_TOOL    ; LeonardoSpectrum                                     ; <None>                       ; --          ; --                   ;
; EDA_INPUT_DATA_FORMAT              ; Edif                                                 ; --                           ; --          ; eda_design_synthesis ;
; EDA_LMF_FILE                       ; mentor.lmf                                           ; --                           ; --          ; eda_design_synthesis ;
; EDA_NETLIST_WRITER_OUTPUT_DIR      ; timing/custom                                        ; --                           ; --          ; eda_timing_analysis  ;
; EDA_OUTPUT_DATA_FORMAT             ; Vhdl                                                 ; --                           ; --          ; eda_simulation       ;
; EDA_OUTPUT_DATA_FORMAT             ; Verilog Hdl                                          ; --                           ; --          ; eda_timing_analysis  ;
; EDA_SIMULATION_TOOL                ; ModelSim (VHDL)                                      ; <None>                       ; --          ; --                   ;
; EDA_TIME_SCALE                     ; 1 ps                                                 ; --                           ; --          ; eda_timing_analysis  ;
; EDA_TIMING_ANALYSIS_TOOL           ; Custom Verilog HDL                                   ; <None>                       ; --          ; --                   ;
; FITTER_EFFORT                      ; Standard Fit                                         ; Auto Fit                     ; --          ; --                   ;
; INCREMENTAL_COMPILATION            ; Off                                                  ; FULL_INCREMENTAL_COMPILATION ; --          ; --                   ;
; MISC_FILE                          ; C:/Users/luizf/Downloads/relógio/relogio_digital.dpf ; --                           ; --          ; --                   ;
; OPTIMIZE_HOLD_TIMING               ; Off                                                  ; --                           ; --          ; --                   ;
; SEARCH_PATH                        ; incremental_db                                       ; --                           ; --          ; --                   ;
; SEARCH_PATH                        ; contador_mod10                                       ; --                           ; --          ; --                   ;
; SEARCH_PATH                        ; contador_mod6                                        ; --                           ; --          ; --                   ;
; SEARCH_PATH                        ; c:\users\luizf\downloads\relógio                     ; --                           ; --          ; --                   ;
; USE_GENERATED_PHYSICAL_CONSTRAINTS ; Off                                                  ; --                           ; --          ; eda_blast_fpga       ;
; VHDL_INPUT_VERSION                 ; VHDL_2008                                            ; VHDL_1993                    ; --          ; --                   ;
; VHDL_SHOW_LMF_MAPPING_MESSAGES     ; Off                                                  ; --                           ; --          ; --                   ;
+------------------------------------+------------------------------------------------------+------------------------------+-------------+----------------------+


+-----------------------------------------------------------------------------------------------------------------------------+
; Flow Elapsed Time                                                                                                           ;
+-------------------------+--------------+-------------------------+---------------------+------------------------------------+
; Module Name             ; Elapsed Time ; Average Processors Used ; Peak Virtual Memory ; Total CPU Time (on all processors) ;
+-------------------------+--------------+-------------------------+---------------------+------------------------------------+
; Analysis & Synthesis    ; 00:00:19     ; 1.0                     ; 240 MB              ; 00:00:13                           ;
; Fitter                  ; 00:00:18     ; 1.0                     ; 176 MB              ; 00:00:09                           ;
; Assembler               ; 00:00:10     ; 1.0                     ; 187 MB              ; 00:00:09                           ;
; Classic Timing Analyzer ; 00:00:09     ; 1.0                     ; 151 MB              ; 00:00:09                           ;
; EDA Netlist Writer      ; 00:00:12     ; 1.0                     ; 169 MB              ; 00:00:10                           ;
; Total                   ; 00:01:08     ; --                      ; --                  ; 00:00:50                           ;
+-------------------------+--------------+-------------------------+---------------------+------------------------------------+


+------------------------------------------------------------------------------------------+
; Flow OS Summary                                                                          ;
+-------------------------+------------------+---------------+------------+----------------+
; Module Name             ; Machine Hostname ; OS Name       ; OS Version ; Processor type ;
+-------------------------+------------------+---------------+------------+----------------+
; Analysis & Synthesis    ; DESKTOP-RNFOICH  ; Windows Vista ; 6.2        ; i686           ;
; Fitter                  ; DESKTOP-RNFOICH  ; Windows Vista ; 6.2        ; i686           ;
; Assembler               ; DESKTOP-RNFOICH  ; Windows Vista ; 6.2        ; i686           ;
; Classic Timing Analyzer ; DESKTOP-RNFOICH  ; Windows Vista ; 6.2        ; i686           ;
; EDA Netlist Writer      ; DESKTOP-RNFOICH  ; Windows Vista ; 6.2        ; i686           ;
+-------------------------+------------------+---------------+------------+----------------+


------------
; Flow Log ;
------------
quartus_map --read_settings_files=on --write_settings_files=off relogio_digital -c relogio_digital
quartus_fit --read_settings_files=off --write_settings_files=off relogio_digital -c relogio_digital
quartus_asm --read_settings_files=off --write_settings_files=off relogio_digital -c relogio_digital
quartus_tan --read_settings_files=off --write_settings_files=off relogio_digital -c relogio_digital
quartus_eda --read_settings_files=off --write_settings_files=off relogio_digital -c relogio_digital



