Analysis & Synthesis report for relogio_digital
Mon Jul 09 12:56:54 2018
Quartus II Version 9.1 Build 350 03/24/2010 Service Pack 2 SJ Web Edition


---------------------
; Table of Contents ;
---------------------
  1. Legal Notice
  2. Analysis & Synthesis Summary
  3. Analysis & Synthesis Settings
  4. Analysis & Synthesis Source Files Read
  5. Analysis & Synthesis Resource Usage Summary
  6. Analysis & Synthesis Resource Utilization by Entity
  7. Port Connectivity Checks: "decodificador_bcd:bcd_dez_seg"
  8. Port Connectivity Checks: "decodificador_bcd:bcd_dez_min"
  9. Port Connectivity Checks: "contador_mod6:dezenas_minutos"
 10. Port Connectivity Checks: "contador_mod10:unidades_minutos"
 11. Port Connectivity Checks: "contador_mod6:dezenas_segundos"
 12. Port Connectivity Checks: "contador_mod10:unidades_segundos"
 13. Analysis & Synthesis Messages



----------------
; Legal Notice ;
----------------
Copyright (C) 1991-2010 Altera Corporation
Your use of Altera Corporation's design tools, logic functions 
and other software and tools, and its AMPP partner logic 
functions, and any output files from any of the foregoing 
(including device programming or simulation files), and any 
associated documentation or information are expressly subject 
to the terms and conditions of the Altera Program License 
Subscription Agreement, Altera MegaCore Function License 
Agreement, or other applicable license agreement, including, 
without limitation, that your use is for the sole purpose of 
programming logic devices manufactured by Altera and sold by 
Altera or its authorized distributors.  Please refer to the 
applicable agreement for further details.



+----------------------------------------------------------------------------+
; Analysis & Synthesis Summary                                               ;
+-----------------------------+----------------------------------------------+
; Analysis & Synthesis Status ; Successful - Mon Jul 09 12:56:54 2018        ;
; Quartus II Version          ; 9.1 Build 350 03/24/2010 SP 2 SJ Web Edition ;
; Revision Name               ; relogio_digital                              ;
; Top-level Entity Name       ; relogio_digital                              ;
; Family                      ; MAX7000S                                     ;
; Total macrocells            ; 42                                           ;
; Total pins                  ; 31                                           ;
+-----------------------------+----------------------------------------------+


+----------------------------------------------------------------------------------------------------------------+
; Analysis & Synthesis Settings                                                                                  ;
+----------------------------------------------------------------------------+-----------------+-----------------+
; Option                                                                     ; Setting         ; Default Value   ;
+----------------------------------------------------------------------------+-----------------+-----------------+
; Device                                                                     ; EPM7064SLC44-7  ;                 ;
; Top-level entity name                                                      ; relogio_digital ; relogio_digital ;
; Family name                                                                ; MAX7000S        ; Stratix II      ;
; VHDL Show LMF Mapping Messages                                             ; Off             ;                 ;
; VHDL Version                                                               ; VHDL_2008       ; VHDL_1993       ;
; Type of Retiming Performed During Resynthesis                              ; Full            ;                 ;
; Resynthesis Optimization Effort                                            ; Normal          ;                 ;
; Physical Synthesis Level for Resynthesis                                   ; Normal          ;                 ;
; Use Generated Physical Constraints File                                    ; On              ;                 ;
; Use smart compilation                                                      ; Off             ; Off             ;
; Enable parallel Assembler and TimeQuest Timing Analyzer during compilation ; On              ; On              ;
; Enable compact report table                                                ; Off             ; Off             ;
; Create Debugging Nodes for IP Cores                                        ; Off             ; Off             ;
; Preserve fewer node names                                                  ; On              ; On              ;
; Disable OpenCore Plus hardware evaluation                                  ; Off             ; Off             ;
; Verilog Version                                                            ; Verilog_2001    ; Verilog_2001    ;
; State Machine Processing                                                   ; Auto            ; Auto            ;
; Safe State Machine                                                         ; Off             ; Off             ;
; Extract Verilog State Machines                                             ; On              ; On              ;
; Extract VHDL State Machines                                                ; On              ; On              ;
; Ignore Verilog initial constructs                                          ; Off             ; Off             ;
; Iteration limit for constant Verilog loops                                 ; 5000            ; 5000            ;
; Iteration limit for non-constant Verilog loops                             ; 250             ; 250             ;
; Add Pass-Through Logic to Inferred RAMs                                    ; On              ; On              ;
; Parallel Synthesis                                                         ; On              ; On              ;
; NOT Gate Push-Back                                                         ; On              ; On              ;
; Power-Up Don't Care                                                        ; On              ; On              ;
; Remove Duplicate Registers                                                 ; On              ; On              ;
; Ignore CARRY Buffers                                                       ; Off             ; Off             ;
; Ignore CASCADE Buffers                                                     ; Off             ; Off             ;
; Ignore GLOBAL Buffers                                                      ; Off             ; Off             ;
; Ignore ROW GLOBAL Buffers                                                  ; Off             ; Off             ;
; Ignore LCELL Buffers                                                       ; Auto            ; Auto            ;
; Ignore SOFT Buffers                                                        ; Off             ; Off             ;
; Limit AHDL Integers to 32 Bits                                             ; Off             ; Off             ;
; Optimization Technique                                                     ; Speed           ; Speed           ;
; Allow XOR Gate Usage                                                       ; On              ; On              ;
; Auto Logic Cell Insertion                                                  ; On              ; On              ;
; Parallel Expander Chain Length                                             ; 4               ; 4               ;
; Auto Parallel Expanders                                                    ; On              ; On              ;
; Auto Open-Drain Pins                                                       ; On              ; On              ;
; Auto Resource Sharing                                                      ; Off             ; Off             ;
; Maximum Fan-in Per Macrocell                                               ; 100             ; 100             ;
; Use LogicLock Constraints during Resource Balancing                        ; On              ; On              ;
; Ignore translate_off and synthesis_off directives                          ; Off             ; Off             ;
; Show Parameter Settings Tables in Synthesis Report                         ; On              ; On              ;
; HDL message level                                                          ; Level2          ; Level2          ;
; Suppress Register Optimization Related Messages                            ; Off             ; Off             ;
; Number of Removed Registers Reported in Synthesis Report                   ; 5000            ; 5000            ;
; Number of Inverted Registers Reported in Synthesis Report                  ; 100             ; 100             ;
; Block Design Naming                                                        ; Auto            ; Auto            ;
; Synthesis Effort                                                           ; Auto            ; Auto            ;
; Shift Register Replacement - Allow Asynchronous Clear Signal               ; On              ; On              ;
; Analysis & Synthesis Message Level                                         ; Medium          ; Medium          ;
; Disable Register Merging Across Hierarchies                                ; Auto            ; Auto            ;
+----------------------------------------------------------------------------+-----------------+-----------------+


+--------------------------------------------------------------------------------------------------------------------------------------------------------+
; Analysis & Synthesis Source Files Read                                                                                                                 ;
+-----------------------------------------+-----------------+-----------------+--------------------------------------------------------------------------+
; File Name with User-Entered Path        ; Used in Netlist ; File Type       ; File Name with Absolute Path                                             ;
+-----------------------------------------+-----------------+-----------------+--------------------------------------------------------------------------+
; decodificador_bcd/decodificador_bcd.vhd ; yes             ; User VHDL File  ; C:/Users/luizf/Downloads/relógio/decodificador_bcd/decodificador_bcd.vhd ;
; contador_mod10/contador_mod10.vhd       ; yes             ; User VHDL File  ; C:/Users/luizf/Downloads/relógio/contador_mod10/contador_mod10.vhd       ;
; contador_mod6/contador_mod6.vhd         ; yes             ; User VHDL File  ; C:/Users/luizf/Downloads/relógio/contador_mod6/contador_mod6.vhd         ;
; and_2.vhd                               ; yes             ; User VHDL File  ; C:/Users/luizf/Downloads/relógio/and_2.vhd                               ;
; and_3.vhd                               ; yes             ; User VHDL File  ; C:/Users/luizf/Downloads/relógio/and_3.vhd                               ;
; ffjk_bdc.vhd                            ; yes             ; User VHDL File  ; C:/Users/luizf/Downloads/relógio/ffjk_bdc.vhd                            ;
; relogio_digital.vhd                     ; yes             ; User VHDL File  ; C:/Users/luizf/Downloads/relógio/relogio_digital.vhd                     ;
+-----------------------------------------+-----------------+-----------------+--------------------------------------------------------------------------+


+---------------------------------------------+
; Analysis & Synthesis Resource Usage Summary ;
+----------------------+----------------------+
; Resource             ; Usage                ;
+----------------------+----------------------+
; Logic cells          ; 42                   ;
; Total registers      ; 14                   ;
; I/O pins             ; 31                   ;
; Shareable expanders  ; 2                    ;
; Maximum fan-out node ; clear                ;
; Maximum fan-out      ; 14                   ;
; Total fan-out        ; 192                  ;
; Average fan-out      ; 2.56                 ;
+----------------------+----------------------+


+---------------------------------------------------------------------------------------------------------------------------------------------+
; Analysis & Synthesis Resource Utilization by Entity                                                                                         ;
+---------------------------------------+------------+------+------------------------------------------------------------------+--------------+
; Compilation Hierarchy Node            ; Macrocells ; Pins ; Full Hierarchy Name                                              ; Library Name ;
+---------------------------------------+------------+------+------------------------------------------------------------------+--------------+
; |relogio_digital                      ; 42         ; 31   ; |relogio_digital                                                 ; work         ;
;    |and_2:clock_dezenas_minutos|      ; 0          ; 0    ; |relogio_digital|and_2:clock_dezenas_minutos                     ; work         ;
;    |and_2:clock_dezenas_segundos|     ; 0          ; 0    ; |relogio_digital|and_2:clock_dezenas_segundos                    ; work         ;
;    |contador_mod10:unidades_minutos|  ; 4          ; 0    ; |relogio_digital|contador_mod10:unidades_minutos                 ; work         ;
;       |ffjk_bdc:ffjk0|                ; 1          ; 0    ; |relogio_digital|contador_mod10:unidades_minutos|ffjk_bdc:ffjk0  ; work         ;
;       |ffjk_bdc:ffjk1|                ; 1          ; 0    ; |relogio_digital|contador_mod10:unidades_minutos|ffjk_bdc:ffjk1  ; work         ;
;       |ffjk_bdc:ffjk2|                ; 1          ; 0    ; |relogio_digital|contador_mod10:unidades_minutos|ffjk_bdc:ffjk2  ; work         ;
;       |ffjk_bdc:ffjk3|                ; 1          ; 0    ; |relogio_digital|contador_mod10:unidades_minutos|ffjk_bdc:ffjk3  ; work         ;
;    |contador_mod10:unidades_segundos| ; 4          ; 0    ; |relogio_digital|contador_mod10:unidades_segundos                ; work         ;
;       |ffjk_bdc:ffjk0|                ; 1          ; 0    ; |relogio_digital|contador_mod10:unidades_segundos|ffjk_bdc:ffjk0 ; work         ;
;       |ffjk_bdc:ffjk1|                ; 1          ; 0    ; |relogio_digital|contador_mod10:unidades_segundos|ffjk_bdc:ffjk1 ; work         ;
;       |ffjk_bdc:ffjk2|                ; 1          ; 0    ; |relogio_digital|contador_mod10:unidades_segundos|ffjk_bdc:ffjk2 ; work         ;
;       |ffjk_bdc:ffjk3|                ; 1          ; 0    ; |relogio_digital|contador_mod10:unidades_segundos|ffjk_bdc:ffjk3 ; work         ;
;    |contador_mod6:dezenas_minutos|    ; 3          ; 0    ; |relogio_digital|contador_mod6:dezenas_minutos                   ; work         ;
;       |ffjk_bdc:ffjk0|                ; 1          ; 0    ; |relogio_digital|contador_mod6:dezenas_minutos|ffjk_bdc:ffjk0    ; work         ;
;       |ffjk_bdc:ffjk1|                ; 1          ; 0    ; |relogio_digital|contador_mod6:dezenas_minutos|ffjk_bdc:ffjk1    ; work         ;
;       |ffjk_bdc:ffjk2|                ; 1          ; 0    ; |relogio_digital|contador_mod6:dezenas_minutos|ffjk_bdc:ffjk2    ; work         ;
;    |contador_mod6:dezenas_segundos|   ; 3          ; 0    ; |relogio_digital|contador_mod6:dezenas_segundos                  ; work         ;
;       |ffjk_bdc:ffjk0|                ; 1          ; 0    ; |relogio_digital|contador_mod6:dezenas_segundos|ffjk_bdc:ffjk0   ; work         ;
;       |ffjk_bdc:ffjk1|                ; 1          ; 0    ; |relogio_digital|contador_mod6:dezenas_segundos|ffjk_bdc:ffjk1   ; work         ;
;       |ffjk_bdc:ffjk2|                ; 1          ; 0    ; |relogio_digital|contador_mod6:dezenas_segundos|ffjk_bdc:ffjk2   ; work         ;
;    |decodificador_bcd:bcd_dez_min|    ; 7          ; 0    ; |relogio_digital|decodificador_bcd:bcd_dez_min                   ; work         ;
;    |decodificador_bcd:bcd_dez_seg|    ; 7          ; 0    ; |relogio_digital|decodificador_bcd:bcd_dez_seg                   ; work         ;
;    |decodificador_bcd:bcd_uni_min|    ; 7          ; 0    ; |relogio_digital|decodificador_bcd:bcd_uni_min                   ; work         ;
;    |decodificador_bcd:bcd_uni_seg|    ; 7          ; 0    ; |relogio_digital|decodificador_bcd:bcd_uni_seg                   ; work         ;
+---------------------------------------+------------+------+------------------------------------------------------------------+--------------+


+-----------------------------------------------------------+
; Port Connectivity Checks: "decodificador_bcd:bcd_dez_seg" ;
+--------+-------+----------+-------------------------------+
; Port   ; Type  ; Severity ; Details                       ;
+--------+-------+----------+-------------------------------+
; bcd[3] ; Input ; Info     ; Stuck at GND                  ;
+--------+-------+----------+-------------------------------+


+-----------------------------------------------------------+
; Port Connectivity Checks: "decodificador_bcd:bcd_dez_min" ;
+--------+-------+----------+-------------------------------+
; Port   ; Type  ; Severity ; Details                       ;
+--------+-------+----------+-------------------------------+
; bcd[3] ; Input ; Info     ; Stuck at GND                  ;
+--------+-------+----------+-------------------------------+


+-----------------------------------------------------------------------------------------------------------------------+
; Port Connectivity Checks: "contador_mod6:dezenas_minutos"                                                             ;
+-------------+--------+----------+-------------------------------------------------------------------------------------+
; Port        ; Type   ; Severity ; Details                                                                             ;
+-------------+--------+----------+-------------------------------------------------------------------------------------+
; saidasbarra ; Output ; Info     ; Connected to dangling logic. Logic that only feeds a dangling port will be removed. ;
+-------------+--------+----------+-------------------------------------------------------------------------------------+


+-----------------------------------------------------------------------------------------------------------------------+
; Port Connectivity Checks: "contador_mod10:unidades_minutos"                                                           ;
+-------------+--------+----------+-------------------------------------------------------------------------------------+
; Port        ; Type   ; Severity ; Details                                                                             ;
+-------------+--------+----------+-------------------------------------------------------------------------------------+
; saidasbarra ; Output ; Info     ; Connected to dangling logic. Logic that only feeds a dangling port will be removed. ;
+-------------+--------+----------+-------------------------------------------------------------------------------------+


+-----------------------------------------------------------------------------------------------------------------------+
; Port Connectivity Checks: "contador_mod6:dezenas_segundos"                                                            ;
+-------------+--------+----------+-------------------------------------------------------------------------------------+
; Port        ; Type   ; Severity ; Details                                                                             ;
+-------------+--------+----------+-------------------------------------------------------------------------------------+
; saidasbarra ; Output ; Info     ; Connected to dangling logic. Logic that only feeds a dangling port will be removed. ;
+-------------+--------+----------+-------------------------------------------------------------------------------------+


+-----------------------------------------------------------------------------------------------------------------------+
; Port Connectivity Checks: "contador_mod10:unidades_segundos"                                                          ;
+-------------+--------+----------+-------------------------------------------------------------------------------------+
; Port        ; Type   ; Severity ; Details                                                                             ;
+-------------+--------+----------+-------------------------------------------------------------------------------------+
; saidasbarra ; Output ; Info     ; Connected to dangling logic. Logic that only feeds a dangling port will be removed. ;
+-------------+--------+----------+-------------------------------------------------------------------------------------+


+-------------------------------+
; Analysis & Synthesis Messages ;
+-------------------------------+
Info: *******************************************************************
Info: Running Quartus II Analysis & Synthesis
    Info: Version 9.1 Build 350 03/24/2010 Service Pack 2 SJ Web Edition
    Info: Processing started: Mon Jul 09 12:56:45 2018
Info: Command: quartus_map --read_settings_files=on --write_settings_files=off relogio_digital -c relogio_digital
Info: Found 3 design units, including 1 entities, in source file decodificador_bcd/decodificador_bcd.vhd
    Info: Found design unit 1: decodificador_bcd-comportamental
    Info: Found design unit 2: decodificador_bcd_pkg
    Info: Found entity 1: decodificador_bcd
Info: Found 3 design units, including 1 entities, in source file contador_mod10/contador_mod10.vhd
    Info: Found design unit 1: contador_mod10-estrutural
    Info: Found design unit 2: contador_mod10_pkg
    Info: Found entity 1: contador_mod10
Info: Found 3 design units, including 1 entities, in source file contador_mod6/contador_mod6.vhd
    Info: Found design unit 1: contador_mod6-estrutural
    Info: Found design unit 2: contador_mod6_pkg
    Info: Found entity 1: contador_mod6
Info: Found 3 design units, including 1 entities, in source file and_2.vhd
    Info: Found design unit 1: and_2-rtl
    Info: Found design unit 2: and2
    Info: Found entity 1: and_2
Info: Found 3 design units, including 1 entities, in source file and_3.vhd
    Info: Found design unit 1: and_3-rtl
    Info: Found design unit 2: and3
    Info: Found entity 1: and_3
Info: Found 2 design units, including 1 entities, in source file cont_sinc.vhd
    Info: Found design unit 1: cont_sinc-logic
    Info: Found entity 1: cont_sinc
Info: Found 3 design units, including 1 entities, in source file ffjk_bdc.vhd
    Info: Found design unit 1: ffjk_bdc-comportamental
    Info: Found design unit 2: ffjk
    Info: Found entity 1: ffjk_bdc
Info: Found 2 design units, including 1 entities, in source file relogio_digital.vhd
    Info: Found design unit 1: relogio_digital-estrutural
    Info: Found entity 1: relogio_digital
Info: Elaborating entity "relogio_digital" for the top level hierarchy
Warning (10036): Verilog HDL or VHDL warning at relogio_digital.vhd(14): object "barra_4" assigned a value but never read
Warning (10036): Verilog HDL or VHDL warning at relogio_digital.vhd(15): object "barra_3" assigned a value but never read
Info: Elaborating entity "contador_mod10" for hierarchy "contador_mod10:unidades_segundos"
Info: Elaborating entity "ffjk_bdc" for hierarchy "contador_mod10:unidades_segundos|ffjk_bdc:ffjk0"
Info: Elaborating entity "and_2" for hierarchy "contador_mod10:unidades_segundos|and_2:and_j1"
Info: Elaborating entity "and_3" for hierarchy "contador_mod10:unidades_segundos|and_3:and_j3"
Info: Elaborating entity "contador_mod6" for hierarchy "contador_mod6:dezenas_segundos"
Info: Elaborating entity "decodificador_bcd" for hierarchy "decodificador_bcd:bcd_dez_min"
Info: Promoted pin-driven signal(s) to global signal
    Info: Promoted clock signal driven by pin "clock" to global clock signal
    Info: Promoted clear signal driven by pin "clear" to global clear signal
Info: Implemented 75 device resources after synthesis - the final resource count might be different
    Info: Implemented 3 input pins
    Info: Implemented 28 output pins
    Info: Implemented 42 macrocells
    Info: Implemented 2 shareable expanders
Info: Quartus II Analysis & Synthesis was successful. 0 errors, 2 warnings
    Info: Peak virtual memory: 240 megabytes
    Info: Processing ended: Mon Jul 09 12:56:54 2018
    Info: Elapsed time: 00:00:09
    Info: Total CPU time (on all processors): 00:00:05


