Analysis & Synthesis report for som_2_bits_af
Wed Jun 20 09:33:08 2018
Quartus II Version 9.1 Build 350 03/24/2010 Service Pack 2 SJ Web Edition


---------------------
; Table of Contents ;
---------------------
  1. Legal Notice
  2. Analysis & Synthesis Summary
  3. Analysis & Synthesis Settings
  4. Analysis & Synthesis Source Files Read
  5. Analysis & Synthesis Resource Usage Summary
  6. Analysis & Synthesis Resource Utilization by Entity
  7. Parameter Settings for User Entity Instance: Top-level Entity: |som_2_bits_af
  8. Analysis & Synthesis Messages



----------------
; Legal Notice ;
----------------
Copyright (C) 1991-2010 Altera Corporation
Your use of Altera Corporation's design tools, logic functions 
and other software and tools, and its AMPP partner logic 
functions, and any output files from any of the foregoing 
(including device programming or simulation files), and any 
associated documentation or information are expressly subject 
to the terms and conditions of the Altera Program License 
Subscription Agreement, Altera MegaCore Function License 
Agreement, or other applicable license agreement, including, 
without limitation, that your use is for the sole purpose of 
programming logic devices manufactured by Altera and sold by 
Altera or its authorized distributors.  Please refer to the 
applicable agreement for further details.



+----------------------------------------------------------------------------+
; Analysis & Synthesis Summary                                               ;
+-----------------------------+----------------------------------------------+
; Analysis & Synthesis Status ; Successful - Wed Jun 20 09:33:08 2018        ;
; Quartus II Version          ; 9.1 Build 350 03/24/2010 SP 2 SJ Web Edition ;
; Revision Name               ; som_2_bits_af                                ;
; Top-level Entity Name       ; som_2_bits_af                                ;
; Family                      ; MAX7000S                                     ;
; Total macrocells            ; 5                                            ;
; Total pins                  ; 8                                            ;
+-----------------------------+----------------------------------------------+


+------------------------------------------------------------------------------------------------------------+
; Analysis & Synthesis Settings                                                                              ;
+----------------------------------------------------------------------------+---------------+---------------+
; Option                                                                     ; Setting       ; Default Value ;
+----------------------------------------------------------------------------+---------------+---------------+
; Top-level entity name                                                      ; som_2_bits_af ; som_2_bits_af ;
; Family name                                                                ; MAX7000S      ; Stratix II    ;
; Type of Retiming Performed During Resynthesis                              ; Full          ;               ;
; Resynthesis Optimization Effort                                            ; Normal        ;               ;
; Physical Synthesis Level for Resynthesis                                   ; Normal        ;               ;
; Use Generated Physical Constraints File                                    ; On            ;               ;
; Use smart compilation                                                      ; Off           ; Off           ;
; Enable parallel Assembler and TimeQuest Timing Analyzer during compilation ; On            ; On            ;
; Enable compact report table                                                ; Off           ; Off           ;
; Create Debugging Nodes for IP Cores                                        ; Off           ; Off           ;
; Preserve fewer node names                                                  ; On            ; On            ;
; Disable OpenCore Plus hardware evaluation                                  ; Off           ; Off           ;
; Verilog Version                                                            ; Verilog_2001  ; Verilog_2001  ;
; VHDL Version                                                               ; VHDL_1993     ; VHDL_1993     ;
; State Machine Processing                                                   ; Auto          ; Auto          ;
; Safe State Machine                                                         ; Off           ; Off           ;
; Extract Verilog State Machines                                             ; On            ; On            ;
; Extract VHDL State Machines                                                ; On            ; On            ;
; Ignore Verilog initial constructs                                          ; Off           ; Off           ;
; Iteration limit for constant Verilog loops                                 ; 5000          ; 5000          ;
; Iteration limit for non-constant Verilog loops                             ; 250           ; 250           ;
; Add Pass-Through Logic to Inferred RAMs                                    ; On            ; On            ;
; Parallel Synthesis                                                         ; On            ; On            ;
; NOT Gate Push-Back                                                         ; On            ; On            ;
; Power-Up Don't Care                                                        ; On            ; On            ;
; Remove Duplicate Registers                                                 ; On            ; On            ;
; Ignore CARRY Buffers                                                       ; Off           ; Off           ;
; Ignore CASCADE Buffers                                                     ; Off           ; Off           ;
; Ignore GLOBAL Buffers                                                      ; Off           ; Off           ;
; Ignore ROW GLOBAL Buffers                                                  ; Off           ; Off           ;
; Ignore LCELL Buffers                                                       ; Auto          ; Auto          ;
; Ignore SOFT Buffers                                                        ; Off           ; Off           ;
; Limit AHDL Integers to 32 Bits                                             ; Off           ; Off           ;
; Optimization Technique                                                     ; Speed         ; Speed         ;
; Allow XOR Gate Usage                                                       ; On            ; On            ;
; Auto Logic Cell Insertion                                                  ; On            ; On            ;
; Parallel Expander Chain Length                                             ; 4             ; 4             ;
; Auto Parallel Expanders                                                    ; On            ; On            ;
; Auto Open-Drain Pins                                                       ; On            ; On            ;
; Auto Resource Sharing                                                      ; Off           ; Off           ;
; Maximum Fan-in Per Macrocell                                               ; 100           ; 100           ;
; Use LogicLock Constraints during Resource Balancing                        ; On            ; On            ;
; Ignore translate_off and synthesis_off directives                          ; Off           ; Off           ;
; Show Parameter Settings Tables in Synthesis Report                         ; On            ; On            ;
; HDL message level                                                          ; Level2        ; Level2        ;
; Suppress Register Optimization Related Messages                            ; Off           ; Off           ;
; Number of Removed Registers Reported in Synthesis Report                   ; 5000          ; 5000          ;
; Number of Inverted Registers Reported in Synthesis Report                  ; 100           ; 100           ;
; Block Design Naming                                                        ; Auto          ; Auto          ;
; Synthesis Effort                                                           ; Auto          ; Auto          ;
; Shift Register Replacement - Allow Asynchronous Clear Signal               ; On            ; On            ;
; Analysis & Synthesis Message Level                                         ; Medium        ; Medium        ;
; Disable Register Merging Across Hierarchies                                ; Auto          ; Auto          ;
+----------------------------------------------------------------------------+---------------+---------------+


+------------------------------------------------------------------------------------------------------------------------------------------+
; Analysis & Synthesis Source Files Read                                                                                                   ;
+----------------------------------+-----------------+-----------------+-------------------------------------------------------------------+
; File Name with User-Entered Path ; Used in Netlist ; File Type       ; File Name with Absolute Path                                      ;
+----------------------------------+-----------------+-----------------+-------------------------------------------------------------------+
; som_2_bits_af/som_2_bits_af.vhd  ; yes             ; User VHDL File  ; C:/Users/luizf/Downloads/cd_20_06/som_2_bits_af/som_2_bits_af.vhd ;
+----------------------------------+-----------------+-----------------+-------------------------------------------------------------------+


+---------------------------------------------+
; Analysis & Synthesis Resource Usage Summary ;
+----------------------+----------------------+
; Resource             ; Usage                ;
+----------------------+----------------------+
; Logic cells          ; 5                    ;
; Total registers      ; 0                    ;
; I/O pins             ; 8                    ;
; Parallel expanders   ; 2                    ;
; Maximum fan-out node ; a[0]                 ;
; Maximum fan-out      ; 5                    ;
; Total fan-out        ; 26                   ;
; Average fan-out      ; 2.00                 ;
+----------------------+----------------------+


+-------------------------------------------------------------------------------------+
; Analysis & Synthesis Resource Utilization by Entity                                 ;
+----------------------------+------------+------+---------------------+--------------+
; Compilation Hierarchy Node ; Macrocells ; Pins ; Full Hierarchy Name ; Library Name ;
+----------------------------+------------+------+---------------------+--------------+
; |som_2_bits_af             ; 5          ; 8    ; |som_2_bits_af      ; work         ;
+----------------------------+------------+------+---------------------+--------------+


+-------------------------------------------------------------------------------+
; Parameter Settings for User Entity Instance: Top-level Entity: |som_2_bits_af ;
+----------------+-------+------------------------------------------------------+
; Parameter Name ; Value ; Type                                                 ;
+----------------+-------+------------------------------------------------------+
; n              ; 2     ; Signed Integer                                       ;
+----------------+-------+------------------------------------------------------+
Note: In order to hide this table in the UI and the text report file, please set the "Show Parameter Settings Tables in Synthesis Report" option in "Analysis and Synthesis Settings -> More Settings" to "Off".


+-------------------------------+
; Analysis & Synthesis Messages ;
+-------------------------------+
Info: *******************************************************************
Info: Running Quartus II Analysis & Synthesis
    Info: Version 9.1 Build 350 03/24/2010 Service Pack 2 SJ Web Edition
    Info: Processing started: Wed Jun 20 09:33:06 2018
Info: Command: quartus_map --read_settings_files=on --write_settings_files=off som_2_bits_af -c som_2_bits_af
Info: Found 2 design units, including 0 entities, in source file som_2_bits_pf_package.vhd
    Info: Found design unit 1: som_2_bits_package
    Info: Found design unit 2: som_2_bits_package-body
Info: Found 2 design units, including 0 entities, in source file som_2_bits_pp_package.vhd
    Info: Found design unit 1: som_2_bits_pp_package
    Info: Found design unit 2: som_2_bits_pp_package-body
Info: Found 2 design units, including 1 entities, in source file som_2_bits_af/som_2_bits_af.vhd
    Info: Found design unit 1: som_2_bits_af-function_add
    Info: Found entity 1: som_2_bits_af
Info: Elaborating entity "som_2_bits_af" for the top level hierarchy
Info: Implemented 13 device resources after synthesis - the final resource count might be different
    Info: Implemented 5 input pins
    Info: Implemented 3 output pins
    Info: Implemented 5 macrocells
Info: Quartus II Analysis & Synthesis was successful. 0 errors, 0 warnings
    Info: Peak virtual memory: 225 megabytes
    Info: Processing ended: Wed Jun 20 09:33:08 2018
    Info: Elapsed time: 00:00:02
    Info: Total CPU time (on all processors): 00:00:01


