Analysis & Synthesis report for ULA1BIT
Tue May 29 17:55:23 2018
Quartus II Version 9.1 Build 350 03/24/2010 Service Pack 2 SJ Web Edition


---------------------
; Table of Contents ;
---------------------
  1. Legal Notice
  2. Analysis & Synthesis Summary
  3. Analysis & Synthesis Settings
  4. Analysis & Synthesis Source Files Read
  5. Analysis & Synthesis Resource Usage Summary
  6. Analysis & Synthesis Resource Utilization by Entity
  7. Analysis & Synthesis Messages



----------------
; Legal Notice ;
----------------
Copyright (C) 1991-2010 Altera Corporation
Your use of Altera Corporation's design tools, logic functions 
and other software and tools, and its AMPP partner logic 
functions, and any output files from any of the foregoing 
(including device programming or simulation files), and any 
associated documentation or information are expressly subject 
to the terms and conditions of the Altera Program License 
Subscription Agreement, Altera MegaCore Function License 
Agreement, or other applicable license agreement, including, 
without limitation, that your use is for the sole purpose of 
programming logic devices manufactured by Altera and sold by 
Altera or its authorized distributors.  Please refer to the 
applicable agreement for further details.



+----------------------------------------------------------------------------+
; Analysis & Synthesis Summary                                               ;
+-----------------------------+----------------------------------------------+
; Analysis & Synthesis Status ; Successful - Tue May 29 17:55:23 2018        ;
; Quartus II Version          ; 9.1 Build 350 03/24/2010 SP 2 SJ Web Edition ;
; Revision Name               ; ULA1BIT                                      ;
; Top-level Entity Name       ; compon                                       ;
; Family                      ; MAX7000S                                     ;
; Total macrocells            ; 13                                           ;
; Total pins                  ; 27                                           ;
+-----------------------------+----------------------------------------------+


+-------------------------------------------------------------------------------------------------------------+
; Analysis & Synthesis Settings                                                                               ;
+----------------------------------------------------------------------------+----------------+---------------+
; Option                                                                     ; Setting        ; Default Value ;
+----------------------------------------------------------------------------+----------------+---------------+
; Device                                                                     ; EPM7128SLC84-7 ;               ;
; Top-level entity name                                                      ; compon         ; ULA1BIT       ;
; Family name                                                                ; MAX7000S       ; Stratix II    ;
; VHDL Show LMF Mapping Messages                                             ; Off            ;               ;
; VHDL Version                                                               ; VHDL_2008      ; VHDL_1993     ;
; Type of Retiming Performed During Resynthesis                              ; Full           ;               ;
; Resynthesis Optimization Effort                                            ; Normal         ;               ;
; Physical Synthesis Level for Resynthesis                                   ; Normal         ;               ;
; Use Generated Physical Constraints File                                    ; On             ;               ;
; Use smart compilation                                                      ; Off            ; Off           ;
; Enable parallel Assembler and TimeQuest Timing Analyzer during compilation ; On             ; On            ;
; Enable compact report table                                                ; Off            ; Off           ;
; Create Debugging Nodes for IP Cores                                        ; Off            ; Off           ;
; Preserve fewer node names                                                  ; On             ; On            ;
; Disable OpenCore Plus hardware evaluation                                  ; Off            ; Off           ;
; Verilog Version                                                            ; Verilog_2001   ; Verilog_2001  ;
; State Machine Processing                                                   ; Auto           ; Auto          ;
; Safe State Machine                                                         ; Off            ; Off           ;
; Extract Verilog State Machines                                             ; On             ; On            ;
; Extract VHDL State Machines                                                ; On             ; On            ;
; Ignore Verilog initial constructs                                          ; Off            ; Off           ;
; Iteration limit for constant Verilog loops                                 ; 5000           ; 5000          ;
; Iteration limit for non-constant Verilog loops                             ; 250            ; 250           ;
; Add Pass-Through Logic to Inferred RAMs                                    ; On             ; On            ;
; Parallel Synthesis                                                         ; On             ; On            ;
; NOT Gate Push-Back                                                         ; On             ; On            ;
; Power-Up Don't Care                                                        ; On             ; On            ;
; Remove Duplicate Registers                                                 ; On             ; On            ;
; Ignore CARRY Buffers                                                       ; Off            ; Off           ;
; Ignore CASCADE Buffers                                                     ; Off            ; Off           ;
; Ignore GLOBAL Buffers                                                      ; Off            ; Off           ;
; Ignore ROW GLOBAL Buffers                                                  ; Off            ; Off           ;
; Ignore LCELL Buffers                                                       ; Auto           ; Auto          ;
; Ignore SOFT Buffers                                                        ; Off            ; Off           ;
; Limit AHDL Integers to 32 Bits                                             ; Off            ; Off           ;
; Optimization Technique                                                     ; Speed          ; Speed         ;
; Allow XOR Gate Usage                                                       ; On             ; On            ;
; Auto Logic Cell Insertion                                                  ; On             ; On            ;
; Parallel Expander Chain Length                                             ; 4              ; 4             ;
; Auto Parallel Expanders                                                    ; On             ; On            ;
; Auto Open-Drain Pins                                                       ; On             ; On            ;
; Auto Resource Sharing                                                      ; Off            ; Off           ;
; Maximum Fan-in Per Macrocell                                               ; 100            ; 100           ;
; Use LogicLock Constraints during Resource Balancing                        ; On             ; On            ;
; Ignore translate_off and synthesis_off directives                          ; Off            ; Off           ;
; Show Parameter Settings Tables in Synthesis Report                         ; On             ; On            ;
; HDL message level                                                          ; Level2         ; Level2        ;
; Suppress Register Optimization Related Messages                            ; Off            ; Off           ;
; Number of Removed Registers Reported in Synthesis Report                   ; 5000           ; 5000          ;
; Number of Inverted Registers Reported in Synthesis Report                  ; 100            ; 100           ;
; Block Design Naming                                                        ; Auto           ; Auto          ;
; Synthesis Effort                                                           ; Auto           ; Auto          ;
; Shift Register Replacement - Allow Asynchronous Clear Signal               ; On             ; On            ;
; Analysis & Synthesis Message Level                                         ; Medium         ; Medium        ;
; Disable Register Merging Across Hierarchies                                ; Auto           ; Auto          ;
+----------------------------------------------------------------------------+----------------+---------------+


+----------------------------------------------------------------------------------------------------------------+
; Analysis & Synthesis Source Files Read                                                                         ;
+----------------------------------+-----------------+-----------------+-----------------------------------------+
; File Name with User-Entered Path ; Used in Netlist ; File Type       ; File Name with Absolute Path            ;
+----------------------------------+-----------------+-----------------+-----------------------------------------+
; compon.vhd                       ; yes             ; User VHDL File  ; F:/CDII/Trabalho 1/ULA 1 BIT/compon.vhd ;
+----------------------------------+-----------------+-----------------+-----------------------------------------+


+---------------------------------------------+
; Analysis & Synthesis Resource Usage Summary ;
+----------------------+----------------------+
; Resource             ; Usage                ;
+----------------------+----------------------+
; Logic cells          ; 13                   ;
; Total registers      ; 0                    ;
; I/O pins             ; 27                   ;
; Maximum fan-out node ; process_0~1          ;
; Maximum fan-out      ; 1                    ;
; Total fan-out        ; 15                   ;
; Average fan-out      ; 0.38                 ;
+----------------------+----------------------+


+-------------------------------------------------------------------------------------+
; Analysis & Synthesis Resource Utilization by Entity                                 ;
+----------------------------+------------+------+---------------------+--------------+
; Compilation Hierarchy Node ; Macrocells ; Pins ; Full Hierarchy Name ; Library Name ;
+----------------------------+------------+------+---------------------+--------------+
; |compon                    ; 13         ; 27   ; |compon             ; work         ;
+----------------------------+------------+------+---------------------+--------------+


+-------------------------------+
; Analysis & Synthesis Messages ;
+-------------------------------+
Info: *******************************************************************
Info: Running Quartus II Analysis & Synthesis
    Info: Version 9.1 Build 350 03/24/2010 Service Pack 2 SJ Web Edition
    Info: Processing started: Tue May 29 17:55:21 2018
Info: Command: quartus_map --read_settings_files=on --write_settings_files=off ULA1BIT -c ULA1BIT
Info: Found 14 design units, including 1 entities, in source file compon.vhd
    Info: Found design unit 1: compon-som
    Info: Found design unit 2: compon-subt
    Info: Found design unit 3: aritimetica
    Info: Found design unit 4: compon-decod
    Info: Found design unit 5: decodificador
    Info: Found design unit 6: compon-and_1
    Info: Found design unit 7: compon-nand_1
    Info: Found design unit 8: compon-or_1
    Info: Found design unit 9: compon-or_2
    Info: Found design unit 10: compon-nor_1
    Info: Found design unit 11: compon-xor_1
    Info: Found design unit 12: compon-xnor_1
    Info: Found design unit 13: logica
    Info: Found entity 1: compon
Info: Found 2 design units, including 1 entities, in source file ula1bit.vhd
    Info: Found design unit 1: ULA1BIT-des
    Info: Found entity 1: ULA1BIT
Info: Elaborating entity "compon" for the top level hierarchy
Warning: Output pins are stuck at VCC or GND
    Warning (13410): Pin "dataout[0]" is stuck at GND
    Warning (13410): Pin "dataout[1]" is stuck at GND
    Warning (13410): Pin "dataout[2]" is stuck at GND
    Warning (13410): Pin "dataout[3]" is stuck at GND
    Warning (13410): Pin "dataout[4]" is stuck at GND
    Warning (13410): Pin "dataout[5]" is stuck at GND
    Warning (13410): Pin "dataout[6]" is stuck at GND
    Warning (13410): Pin "dataout[7]" is stuck at GND
    Warning (13410): Pin "SO" is stuck at GND
    Warning (13410): Pin "SU" is stuck at GND
    Warning (13410): Pin "COUTO" is stuck at GND
    Warning (13410): Pin "COUTU" is stuck at GND
Warning: Design contains 12 input pin(s) that do not drive logic
    Warning (15610): No output dependent on input pin "sel[0]"
    Warning (15610): No output dependent on input pin "sel[1]"
    Warning (15610): No output dependent on input pin "sel[2]"
    Warning (15610): No output dependent on input pin "a"
    Warning (15610): No output dependent on input pin "b"
    Warning (15610): No output dependent on input pin "c"
    Warning (15610): No output dependent on input pin "d"
    Warning (15610): No output dependent on input pin "e"
    Warning (15610): No output dependent on input pin "f"
    Warning (15610): No output dependent on input pin "g"
    Warning (15610): No output dependent on input pin "h"
    Warning (15610): No output dependent on input pin "CIN"
Info: Implemented 40 device resources after synthesis - the final resource count might be different
    Info: Implemented 14 input pins
    Info: Implemented 13 output pins
    Info: Implemented 13 macrocells
Warning: Ignored assignments for entity "ULA1BIT.vhd" -- entity does not exist in design
    Warning: Assignment for entity set_global_assignment -name EDA_DESIGN_ENTRY_SYNTHESIS_TOOL LeonardoSpectrum -entity ULA1BIT.vhd was ignored
    Warning: Assignment for entity set_global_assignment -name EDA_INPUT_GND_NAME GND -entity ULA1BIT.vhd -section_id eda_design_synthesis was ignored
    Warning: Assignment for entity set_global_assignment -name EDA_INPUT_VCC_NAME VCC -entity ULA1BIT.vhd -section_id eda_design_synthesis was ignored
    Warning: Assignment for entity set_global_assignment -name EDA_INPUT_DATA_FORMAT EDIF -entity ULA1BIT.vhd -section_id eda_design_synthesis was ignored
    Warning: Assignment for entity set_global_assignment -name EDA_LMF_FILE mentor.lmf -entity ULA1BIT.vhd -section_id eda_design_synthesis was ignored
    Warning: Assignment for entity set_global_assignment -name EDA_SHOW_LMF_MAPPING_MESSAGES OFF -entity ULA1BIT.vhd -section_id eda_design_synthesis was ignored
    Warning: Assignment for entity set_global_assignment -name EDA_RUN_TOOL_AUTOMATICALLY OFF -entity ULA1BIT.vhd -section_id eda_design_synthesis was ignored
Warning: Ignored assignments for entity "components.vhd" -- entity does not exist in design
    Warning: Assignment for entity set_global_assignment -name EDA_DESIGN_ENTRY_SYNTHESIS_TOOL LeonardoSpectrum -entity components.vhd was ignored
    Warning: Assignment for entity set_global_assignment -name EDA_INPUT_GND_NAME GND -entity components.vhd -section_id eda_design_synthesis was ignored
    Warning: Assignment for entity set_global_assignment -name EDA_INPUT_VCC_NAME VCC -entity components.vhd -section_id eda_design_synthesis was ignored
    Warning: Assignment for entity set_global_assignment -name EDA_INPUT_DATA_FORMAT EDIF -entity components.vhd -section_id eda_design_synthesis was ignored
    Warning: Assignment for entity set_global_assignment -name EDA_LMF_FILE mentor.lmf -entity components.vhd -section_id eda_design_synthesis was ignored
    Warning: Assignment for entity set_global_assignment -name EDA_SHOW_LMF_MAPPING_MESSAGES OFF -entity components.vhd -section_id eda_design_synthesis was ignored
    Warning: Assignment for entity set_global_assignment -name EDA_RUN_TOOL_AUTOMATICALLY OFF -entity components.vhd -section_id eda_design_synthesis was ignored
Info: Quartus II Analysis & Synthesis was successful. 0 errors, 42 warnings
    Info: Peak virtual memory: 225 megabytes
    Info: Processing ended: Tue May 29 17:55:23 2018
    Info: Elapsed time: 00:00:02
    Info: Total CPU time (on all processors): 00:00:02


