Classic Timing Analyzer report for ULA1BIT
Tue May 29 22:11:54 2018
Quartus II Version 9.1 Build 350 03/24/2010 Service Pack 2 SJ Web Edition


---------------------
; Table of Contents ;
---------------------
  1. Legal Notice
  2. Timing Analyzer Summary
  3. Timing Analyzer Settings
  4. tpd
  5. Timing Analyzer Messages



----------------
; Legal Notice ;
----------------
Copyright (C) 1991-2010 Altera Corporation
Your use of Altera Corporation's design tools, logic functions 
and other software and tools, and its AMPP partner logic 
functions, and any output files from any of the foregoing 
(including device programming or simulation files), and any 
associated documentation or information are expressly subject 
to the terms and conditions of the Altera Program License 
Subscription Agreement, Altera MegaCore Function License 
Agreement, or other applicable license agreement, including, 
without limitation, that your use is for the sole purpose of 
programming logic devices manufactured by Altera and sold by 
Altera or its authorized distributors.  Please refer to the 
applicable agreement for further details.



+-------------------------------------------------------------------------------------------------------------------------+
; Timing Analyzer Summary                                                                                                 ;
+------------------------------+-------+---------------+-------------+--------+----+------------+----------+--------------+
; Type                         ; Slack ; Required Time ; Actual Time ; From   ; To ; From Clock ; To Clock ; Failed Paths ;
+------------------------------+-------+---------------+-------------+--------+----+------------+----------+--------------+
; Worst-case tpd               ; N/A   ; None          ; 9.100 ns    ; sel[0] ; S  ; --         ; --       ; 0            ;
; Total number of failed paths ;       ;               ;             ;        ;    ;            ;          ; 0            ;
+------------------------------+-------+---------------+-------------+--------+----+------------+----------+--------------+


+-----------------------------------------------------------------------------------------------------------------------------------------------------+
; Timing Analyzer Settings                                                                                                                            ;
+------------------------------------------------------------------------------------------------------+--------------------+------+----+-------------+
; Option                                                                                               ; Setting            ; From ; To ; Entity Name ;
+------------------------------------------------------------------------------------------------------+--------------------+------+----+-------------+
; Device Name                                                                                          ; EPM7128SLC84-7     ;      ;    ;             ;
; Timing Models                                                                                        ; Final              ;      ;    ;             ;
; Default hold multicycle                                                                              ; Same as Multicycle ;      ;    ;             ;
; Cut paths between unrelated clock domains                                                            ; On                 ;      ;    ;             ;
; Cut off read during write signal paths                                                               ; On                 ;      ;    ;             ;
; Cut off feedback from I/O pins                                                                       ; On                 ;      ;    ;             ;
; Report Combined Fast/Slow Timing                                                                     ; Off                ;      ;    ;             ;
; Ignore Clock Settings                                                                                ; Off                ;      ;    ;             ;
; Analyze latches as synchronous elements                                                              ; On                 ;      ;    ;             ;
; Enable Recovery/Removal analysis                                                                     ; Off                ;      ;    ;             ;
; Enable Clock Latency                                                                                 ; Off                ;      ;    ;             ;
; Use TimeQuest Timing Analyzer                                                                        ; Off                ;      ;    ;             ;
; Minimum Core Junction Temperature                                                                    ; 0                  ;      ;    ;             ;
; Maximum Core Junction Temperature                                                                    ; 85                 ;      ;    ;             ;
; Number of source nodes to report per destination node                                                ; 10                 ;      ;    ;             ;
; Number of destination nodes to report                                                                ; 10                 ;      ;    ;             ;
; Number of paths to report                                                                            ; 200                ;      ;    ;             ;
; Report Minimum Timing Checks                                                                         ; Off                ;      ;    ;             ;
; Use Fast Timing Models                                                                               ; Off                ;      ;    ;             ;
; Report IO Paths Separately                                                                           ; Off                ;      ;    ;             ;
; Perform Multicorner Analysis                                                                         ; Off                ;      ;    ;             ;
; Reports the worst-case path for each clock domain and analysis                                       ; Off                ;      ;    ;             ;
; Reports worst-case timing paths for each clock domain and analysis                                   ; On                 ;      ;    ;             ;
; Specifies the maximum number of worst-case timing paths to report for each clock domain and analysis ; 100                ;      ;    ;             ;
; Removes common clock path pessimism (CCPP) during slack computation                                  ; Off                ;      ;    ;             ;
; Output I/O Timing Endpoint                                                                           ; Near End           ;      ;    ;             ;
+------------------------------------------------------------------------------------------------------+--------------------+------+----+-------------+


+-------------------------------------------------------------+
; tpd                                                         ;
+-------+-------------------+-----------------+--------+------+
; Slack ; Required P2P Time ; Actual P2P Time ; From   ; To   ;
+-------+-------------------+-----------------+--------+------+
; N/A   ; None              ; 9.100 ns        ; E0     ; S    ;
; N/A   ; None              ; 9.100 ns        ; E1     ; S    ;
; N/A   ; None              ; 9.100 ns        ; sel[2] ; S    ;
; N/A   ; None              ; 9.100 ns        ; sel[1] ; S    ;
; N/A   ; None              ; 9.100 ns        ; sel[0] ; S    ;
; N/A   ; None              ; 8.300 ns        ; CIN    ; S    ;
; N/A   ; None              ; 7.500 ns        ; CIN    ; COUT ;
; N/A   ; None              ; 7.500 ns        ; E0     ; COUT ;
; N/A   ; None              ; 7.500 ns        ; E1     ; COUT ;
+-------+-------------------+-----------------+--------+------+


+--------------------------+
; Timing Analyzer Messages ;
+--------------------------+
Info: *******************************************************************
Info: Running Quartus II Classic Timing Analyzer
    Info: Version 9.1 Build 350 03/24/2010 Service Pack 2 SJ Web Edition
    Info: Processing started: Tue May 29 22:11:54 2018
Info: Command: quartus_tan --read_settings_files=off --write_settings_files=off ULA1BIT -c ULA1BIT
Info: Started post-fitting delay annotation
Info: Delay annotation completed successfully
Warning: Timing Analysis does not support the analysis of latches as synchronous elements for the currently selected device family
Info: Longest tpd from source pin "E0" to destination pin "S" is 9.100 ns
    Info: 1: + IC(0.000 ns) + CELL(0.500 ns) = 0.500 ns; Loc. = PIN_33; Fanout = 11; PIN Node = 'E0'
    Info: 2: + IC(1.000 ns) + CELL(3.000 ns) = 4.500 ns; Loc. = LC1; Fanout = 1; COMB Node = 'or_2:sULA|S~25'
    Info: 3: + IC(0.000 ns) + CELL(0.800 ns) = 5.300 ns; Loc. = LC2; Fanout = 1; COMB Node = 'or_2:sULA|S~28'
    Info: 4: + IC(0.000 ns) + CELL(1.800 ns) = 7.100 ns; Loc. = LC3; Fanout = 1; COMB Node = 'or_2:sULA|S~23'
    Info: 5: + IC(0.000 ns) + CELL(2.000 ns) = 9.100 ns; Loc. = PIN_12; Fanout = 0; PIN Node = 'S'
    Info: Total cell delay = 8.100 ns ( 89.01 % )
    Info: Total interconnect delay = 1.000 ns ( 10.99 % )
Info: Quartus II Classic Timing Analyzer was successful. 0 errors, 1 warning
    Info: Peak virtual memory: 165 megabytes
    Info: Processing ended: Tue May 29 22:11:54 2018
    Info: Elapsed time: 00:00:00
    Info: Total CPU time (on all processors): 00:00:00


