Flow report for ULA1BIT
Tue May 29 22:31:23 2018
Quartus II Version 9.1 Build 350 03/24/2010 Service Pack 2 SJ Web Edition


---------------------
; Table of Contents ;
---------------------
  1. Legal Notice
  2. Flow Summary
  3. Flow Settings
  4. Flow Non-Default Global Settings
  5. Flow Elapsed Time
  6. Flow OS Summary
  7. Flow Log



----------------
; Legal Notice ;
----------------
Copyright (C) 1991-2010 Altera Corporation
Your use of Altera Corporation's design tools, logic functions 
and other software and tools, and its AMPP partner logic 
functions, and any output files from any of the foregoing 
(including device programming or simulation files), and any 
associated documentation or information are expressly subject 
to the terms and conditions of the Altera Program License 
Subscription Agreement, Altera MegaCore Function License 
Agreement, or other applicable license agreement, including, 
without limitation, that your use is for the sole purpose of 
programming logic devices manufactured by Altera and sold by 
Altera or its authorized distributors.  Please refer to the 
applicable agreement for further details.



+------------------------------------------------------------------------+
; Flow Summary                                                           ;
+-------------------------+----------------------------------------------+
; Flow Status             ; Successful - Tue May 29 22:31:23 2018        ;
; Quartus II Version      ; 9.1 Build 350 03/24/2010 SP 2 SJ Web Edition ;
; Revision Name           ; ULA1BIT                                      ;
; Top-level Entity Name   ; ULA1BIT                                      ;
; Family                  ; MAX7000S                                     ;
; Device                  ; EPM7128SLC84-7                               ;
; Timing Models           ; Final                                        ;
; Met timing requirements ; Yes                                          ;
; Total macrocells        ; 4 / 128 ( 3 % )                              ;
; Total pins              ; 12 / 68 ( 18 % )                             ;
+-------------------------+----------------------------------------------+


+-----------------------------------------+
; Flow Settings                           ;
+-------------------+---------------------+
; Option            ; Setting             ;
+-------------------+---------------------+
; Start date & time ; 05/29/2018 22:31:10 ;
; Main task         ; Compilation         ;
; Revision Name     ; ULA1BIT             ;
+-------------------+---------------------+


+-------------------------------------------------------------------------------------------------------------------------+
; Flow Non-Default Global Settings                                                                                        ;
+------------------------------------+-------------------------------+---------------+-------------+----------------------+
; Assignment Name                    ; Value                         ; Default Value ; Entity Name ; Section Id           ;
+------------------------------------+-------------------------------+---------------+-------------+----------------------+
; COMPILER_SIGNATURE_ID              ; 8796759699586.152764387002768 ; --            ; --          ; --                   ;
; EDA_DESIGN_ENTRY_SYNTHESIS_TOOL    ; LeonardoSpectrum              ; <None>        ; --          ; --                   ;
; EDA_INPUT_DATA_FORMAT              ; Edif                          ; --            ; --          ; eda_design_synthesis ;
; EDA_LMF_FILE                       ; mentor.lmf                    ; --            ; --          ; eda_design_synthesis ;
; EDA_OUTPUT_DATA_FORMAT             ; Verilog Hdl                   ; --            ; --          ; eda_simulation       ;
; EDA_OUTPUT_DATA_FORMAT             ; Verilog Hdl                   ; --            ; --          ; eda_timing_analysis  ;
; EDA_SIMULATION_TOOL                ; ModelSim (Verilog)            ; <None>        ; --          ; --                   ;
; EDA_TIME_SCALE                     ; 1 ps                          ; --            ; --          ; eda_simulation       ;
; EDA_TIMING_ANALYSIS_TOOL           ; PrimeTime (Verilog)           ; <None>        ; --          ; --                   ;
; FITTER_EFFORT                      ; Standard Fit                  ; Auto Fit      ; --          ; --                   ;
; MAX_CORE_JUNCTION_TEMP             ; 85                            ; --            ; --          ; --                   ;
; MIN_CORE_JUNCTION_TEMP             ; 0                             ; --            ; --          ; --                   ;
; OPTIMIZE_HOLD_TIMING               ; Off                           ; --            ; --          ; --                   ;
; RTLV_GROUP_COMB_LOGIC_IN_CLOUD     ; On                            ; Off           ; --          ; --                   ;
; SEARCH_PATH                        ; f:\cdii\trabalho 1\ula 1 bit/ ; --            ; --          ; --                   ;
; USE_GENERATED_PHYSICAL_CONSTRAINTS ; Off                           ; --            ; --          ; eda_blast_fpga       ;
+------------------------------------+-------------------------------+---------------+-------------+----------------------+


+-----------------------------------------------------------------------------------------------------------------------------+
; Flow Elapsed Time                                                                                                           ;
+-------------------------+--------------+-------------------------+---------------------+------------------------------------+
; Module Name             ; Elapsed Time ; Average Processors Used ; Peak Virtual Memory ; Total CPU Time (on all processors) ;
+-------------------------+--------------+-------------------------+---------------------+------------------------------------+
; Analysis & Synthesis    ; 00:00:03     ; 1.0                     ; 225 MB              ; 00:00:03                           ;
; Fitter                  ; 00:00:01     ; 1.0                     ; 176 MB              ; 00:00:01                           ;
; Assembler               ; 00:00:00     ; 1.0                     ; 180 MB              ; 00:00:00                           ;
; Classic Timing Analyzer ; 00:00:01     ; 1.0                     ; 151 MB              ; 00:00:00                           ;
; EDA Netlist Writer      ; 00:00:01     ; 1.0                     ; 160 MB              ; 00:00:01                           ;
; Total                   ; 00:00:06     ; --                      ; --                  ; 00:00:05                           ;
+-------------------------+--------------+-------------------------+---------------------+------------------------------------+


+------------------------------------------------------------------------------------------+
; Flow OS Summary                                                                          ;
+-------------------------+------------------+---------------+------------+----------------+
; Module Name             ; Machine Hostname ; OS Name       ; OS Version ; Processor type ;
+-------------------------+------------------+---------------+------------+----------------+
; Analysis & Synthesis    ; DESKTOP-RNFOICH  ; Windows Vista ; 6.2        ; i686           ;
; Fitter                  ; DESKTOP-RNFOICH  ; Windows Vista ; 6.2        ; i686           ;
; Assembler               ; DESKTOP-RNFOICH  ; Windows Vista ; 6.2        ; i686           ;
; Classic Timing Analyzer ; DESKTOP-RNFOICH  ; Windows Vista ; 6.2        ; i686           ;
; EDA Netlist Writer      ; DESKTOP-RNFOICH  ; Windows Vista ; 6.2        ; i686           ;
+-------------------------+------------------+---------------+------------+----------------+


------------
; Flow Log ;
------------
quartus_map --read_settings_files=on --write_settings_files=off ULA1BIT -c ULA1BIT
quartus_fit --read_settings_files=off --write_settings_files=off ULA1BIT -c ULA1BIT
quartus_asm --read_settings_files=off --write_settings_files=off ULA1BIT -c ULA1BIT
quartus_tan --read_settings_files=off --write_settings_files=off ULA1BIT -c ULA1BIT
quartus_eda --read_settings_files=off --write_settings_files=off ULA1BIT -c ULA1BIT



